1786
96 52 105 52
134 0 135 5
69 31 69 37
70 19 70 28
148 34 150 37
87 8 90 8
48 31 59 31
176 1 176 9
151 45 162 45
51 0 54 2
45 47 45 52
177 37 179 38
1 34 3 37
20 41 29 41
102 28 105 29
12 34 17 35
172 27 175 29
142 47 153 47
0 0 0 7
141 1 142 3
164 46 175 46
32 6 40 6
87 9 89 12
20 4 21 9
35 31 35 36
159 43 160 48
93 25 95 28
5 7 5 18
100 2 105 3
56 45 56 56
158 2 163 2
68 28 68 39
130 23 130 32
39 7 49 7
159 26 160 28
98 49 101 49
14 10 14 20
28 15 28 26
39 40 50 40
77 30 83 30
173 53 177 54
22 26 23 31
145 25 146 30
72 12 73 17
38 24 39 27
140 43 141 48
56 43 57 47
26 36 34 36
63 4 74 4
124 33 125 37
9 51 17 51
23 19 23 28
107 49 109 52
162 54 172 54
16 11 17 14
163 48 166 50
17 33 17 43
44 39 44 47
90 17 100 17
139 11 146 11
109 46 110 48
112 44 123 44
139 4 145 4
22 43 31 43
140 21 145 22
54 13 59 14
63 51 68 52
120 13 125 14
146 38 146 46
3 50 5 53
30 42 30 53
161 4 163 6
81 32 83 35
155 49 158 50
162 3 163 6
120 59 131 59
10 56 18 56
143 49 148 50
77 45 88 45
86 20 86 24
159 52 169 52
129 35 132 37
1 55 8 55
72 32 72 43
18 17 21 19
89 31 91 34
58 36 63 37
73 36 74 41
126 14 128 17
23 37 26 38
7 43 13 43
122 10 122 20
169 4 169 13
55 30 60 31
28 5 38 5
34 2 36 2
57 40 57 48
47 2 48 7
109 21 118 21
159 37 169 37
96 20 99 22
90 22 94 23
69 13 69 22
61 46 64 48
92 14 92 23
149 51 149 58
96 30 100 31
154 34 162 34
29 58 32 59
50 35 60 35
161 39 162 44
42 48 42 55
73 25 73 35
54 32 59 32
46 36 56 36
148 13 148 22
8 8 11 9
156 51 157 56
146 59 157 59
49 3 49 11
127 47 132 47
1 6 6 7
25 1 30 2
107 54 111 55
72 2 73 4
95 16 99 17
75 26 80 27
35 3 37 6
87 53 92 54
42 43 42 48
4 59 11 59
121 35 121 44
101 6 102 11
126 42 131 43
80 36 81 39
172 11 172 19
165 43 167 44
10 34 10 44
154 41 154 47
149 46 152 47
167 50 168 55
173 35 175 36
144 17 145 21
45 42 53 42
19 30 19 35
113 51 113 56
145 15 146 19
10 55 16 55
19 3 19 13
101 58 103 59
127 20 127 25
132 30 143 30
103 43 105 45
46 1 48 4
74 3 76 4
143 13 143 22
77 21 77 30
31 0 32 5
0 45 9 45
107 58 116 58
91 51 92 56
159 5 160 8
79 56 89 56
111 37 112 42
100 26 100 34
75 51 76 54
22 50 22 55
105 27 115 27
119 57 127 57
148 33 149 38
7 12 7 20
50 7 50 16
37 20 42 21
49 18 51 21
172 10 174 13
40 45 41 50
67 11 69 13
121 32 124 34
35 23 35 32
174 50 175 54
75 2 83 2
4 24 4 35
17 32 17 42
46 17 54 17
166 41 172 41
51 5 56 6
101 1 103 4
108 33 119 33
133 17 134 21
21 11 28 11
111 19 111 29
31 13 31 23
9 22 18 22
61 21 61 30
67 9 77 9
108 3 110 6
123 5 127 6
176 42 176 53
76 40 77 42
121 52 123 55
104 16 115 16
126 10 127 15
162 31 164 34
64 22 64 33
49 30 49 37
79 35 79 40
66 28 66 33
34 13 34 23
10 32 10 41
124 8 124 17
82 28 91 28
175 11 177 13
139 27 140 31
105 33 105 44
82 19 82 25
144 7 152 7
107 24 109 27
157 31 158 34
63 17 64 21
57 10 57 19
4 8 4 18
113 13 116 14
137 41 141 42
111 47 114 48
136 55 137 59
92 8 93 10
101 23 106 24
49 38 50 42
99 7 100 10
46 38 46 43
84 1 95 1
19 43 20 46
162 19 164 22
123 50 123 58
39 29 45 29
133 26 144 26
65 19 68 21
138 6 138 14
124 40 135 40
160 0 162 2
144 31 153 31
155 24 158 26
56 4 59 6
126 18 129 20
85 44 96 44
149 2 149 12
98 18 105 18
26 55 31 55
163 40 172 40
17 0 18 3
135 6 135 16
145 37 147 40
87 59 95 59
49 46 54 47
75 10 75 19
92 24 93 28
100 36 102 39
57 38 57 46
162 11 163 16
65 55 68 57
5 4 5 12
138 15 139 20
161 57 165 58
134 49 135 52
14 43 15 47
83 40 83 51
95 29 97 31
118 20 118 27
88 38 90 40
63 6 70 6
50 32 50 38
88 14 89 18
36 7 36 18
141 27 142 31
44 34 46 36
78 15 80 17
39 22 40 26
57 29 57 34
10 18 12 21
37 34 37 44
153 17 154 21
44 15 47 17
129 25 129 29
100 16 102 19
72 19 74 22
145 44 145 52
74 31 75 36
131 38 136 39
137 34 137 45
70 55 76 55
179 25 179 35
92 42 101 42
8 57 18 57
117 42 120 44
167 32 169 35
175 30 175 39
15 7 16 12
107 41 108 46
173 44 173 52
160 50 162 52
174 24 175 28
121 51 122 56
1 5 1 15
71 22 71 31
33 49 38 50
146 23 149 25
43 57 47 58
97 19 98 24
142 23 143 28
39 4 41 7
24 6 25 10
131 16 133 18
158 8 158 19
112 34 114 37
141 56 146 57
21 1 21 12
138 40 138 44
167 23 167 33
162 56 165 58
25 48 28 49
77 14 82 15
175 4 175 13
146 51 148 54
61 4 61 14
84 20 85 23
75 48 76 53
92 5 92 15
87 24 87 29
143 2 148 3
166 13 168 15
147 30 153 30
43 27 52 27
13 32 13 42
138 33 146 33
146 36 146 44
66 49 70 50
25 52 25 59
156 42 159 44
98 32 98 43
74 27 74 35
8 46 8 51
70 54 73 56
126 38 128 41
97 40 97 48
16 46 16 56
100 22 100 30
46 37 47 40
80 31 81 36
26 22 27 23
138 45 139 50
114 10 114 19
43 14 44 18
101 55 101 59
133 1 133 8
150 53 152 56
94 51 105 51
113 25 113 34
27 56 32 57
178 33 178 43
121 46 122 48
93 37 95 39
133 35 133 41
165 23 165 31
174 8 174 18
55 25 55 33
5 3 7 5
168 31 169 34
28 44 28 55
76 6 76 15
154 38 155 43
50 51 53 53
154 2 154 11
50 26 52 28
122 2 122 7
129 12 129 21
52 22 53 27
7 1 8 5
18 50 20 53
37 12 44 12
31 29 31 31
46 25 51 26
5 58 8 59
134 25 135 30
65 53 72 53
117 3 117 14
122 42 122 48
25 5 27 6
160 9 165 10
24 4 25 8
22 6 23 11
57 3 57 10
110 37 110 47
156 36 156 45
52 34 52 45
101 20 110 20
121 49 122 53
23 18 23 25
131 45 131 50
59 29 59 38
140 25 141 27
84 27 84 38
61 19 61 30
26 34 26 42
171 35 171 46
81 9 84 11
2 11 2 20
150 29 151 32
150 24 151 29
62 33 62 40
176 25 176 33
84 46 84 57
14 27 14 37
2 49 3 53
149 21 152 22
99 13 109 13
77 54 80 56
124 18 124 29
169 49 169 59
150 41 150 50
19 39 19 47
25 21 26 24
66 7 71 8
94 7 94 16
162 27 164 30
140 7 142 9
42 39 42 49
93 21 93 31
165 34 166 39
114 1 114 9
58 11 58 20
116 1 117 6
147 28 149 31
68 17 68 23
128 23 128 33
103 47 105 50
103 42 104 47
102 56 105 57
45 45 46 50
69 2 69 13
34 34 34 44
50 29 50 37
126 33 127 37
136 7 137 11
158 47 158 53
70 34 71 39
16 17 17 22
60 54 65 55
76 1 80 2
58 41 58 50
178 19 178 25
148 5 148 15
10 54 14 55
93 43 93 50
87 22 88 25
160 30 160 40
131 31 136 31
90 10 91 12
122 28 122 38
168 30 171 32
125 44 135 44
26 18 26 25
90 30 90 32
158 3 159 8
143 51 144 53
153 42 153 53
36 0 40 0
123 31 123 38
122 39 122 50
176 57 179 59
93 20 93 27
112 13 112 22
144 43 144 51
6 26 11 26
102 12 102 19
68 44 72 45
167 1 170 3
176 41 176 52
82 1 82 11
84 18 86 20
114 39 114 47
47 14 47 21
150 16 155 17
29 28 31 31
38 19 39 23
179 14 179 25
157 58 159 59
97 57 100 58
112 45 112 51
47 49 52 50
100 53 102 54
127 7 129 9
164 6 168 7
73 7 74 12
33 19 33 24
145 6 147 8
94 47 96 50
0 44 0 54
125 51 126 55
23 17 25 20
9 25 10 29
60 52 62 55
129 39 129 49
8 52 8 59
95 7 95 17
63 11 63 21
101 46 101 55
128 12 128 23
81 29 81 39
84 41 84 52
101 30 101 35
44 25 45 29
150 57 158 57
70 46 71 50
91 39 92 42
71 59 79 59
64 0 71 0
117 25 117 36
75 45 76 50
2 41 5 42
14 8 14 19
6 40 7 45
142 50 142 58
103 7 111 7
63 38 66 40
99 14 100 19
155 47 155 54
37 33 37 42
19 14 20 19
64 5 67 7
69 27 69 34
87 47 87 55
166 20 176 20
6 24 17 24
14 53 15 58
59 1 60 6
105 22 105 31
111 6 113 9
16 29 17 31
107 29 107 40
133 33 136 35
67 14 68 19
99 38 99 49
32 11 34 14
40 56 45 57
90 24 91 25
139 0 140 4
54 27 54 34
33 55 37 56
92 34 95 36
99 54 99 59
173 1 174 4
40 19 40 30
33 46 34 51
63 42 63 50
32 34 32 43
70 2 71 7
128 49 128 57
111 52 112 56
25 3 27 6
66 54 69 56
48 16 48 24
52 57 60 57
127 0 131 0
64 37 66 39
89 26 89 34
74 47 74 57
14 4 16 7
123 48 123 57
43 48 43 58
97 5 101 6
89 25 89 32
175 56 177 59
157 11 157 20
66 1 69 3
36 32 47 32
24 0 24 10
106 18 106 29
36 24 37 28
78 41 78 52
85 53 86 58
19 21 19 31
115 6 115 17
25 50 25 54
99 0 99 11
110 0 110 6
27 39 28 43
52 18 52 29
109 23 109 26
66 26 66 34
105 21 105 32
146 9 146 16
69 26 69 35
96 8 96 15
0 26 1 30
123 43 123 52
3 18 3 29
130 3 132 6
63 33 63 44
87 34 88 38
155 46 156 51
108 18 108 28
111 46 111 56
1 54 3 55
175 15 177 16
169 0 169 11
136 51 136 56
104 39 104 45
74 14 74 24
170 42 170 48
118 12 118 21
49 0 49 11
152 32 156 32
171 2 171 11
121 5 121 12
81 24 81 32
127 29 127 39
164 12 168 13
58 9 59 14
51 16 53 19
62 14 62 23
0 37 0 47
6 11 7 15
41 0 45 0
7 7 12 8
144 34 144 41
150 33 150 42
131 2 131 13
151 11 151 20
79 43 81 46
125 4 127 7
94 20 94 30
106 1 106 9
175 45 175 55
43 4 43 12
44 33 44 41
74 43 74 54
176 10 177 12
159 23 159 30
11 38 12 43
171 1 171 10
140 35 141 39
137 1 137 12
11 14 11 25
166 1 166 11
33 0 33 8
111 45 111 56
119 38 120 42
77 47 77 55
0 19 0 28
38 35 39 38
2 48 2 57
7 39 7 48
29 16 29 26
105 1 105 12
59 43 61 46
152 43 152 52
3 47 3 58
77 12 79 15
167 11 168 15
145 32 146 37
74 13 74 23
160 55 165 56
116 0 120 1
28 7 29 10
21 35 24 37
6 53 6 55
65 33 65 42
35 52 37 55
159 41 159 45
57 0 57 7
2 46 4 48
175 23 177 25
159 12 161 15
37 11 41 12
128 11 128 19
75 37 75 48
115 20 116 23
78 18 79 21
151 43 151 48
149 49 149 57
122 25 122 33
31 26 32 31
36 1 38 3
23 33 23 39
86 17 86 25
2 25 2 36
169 28 169 37
149 18 149 24
114 0 114 4
63 32 63 38
36 47 37 52
81 23 81 32
167 22 167 28
98 15 98 25
159 20 159 27
80 0 82 2
19 58 23 59
162 47 164 50
99 50 100 54
67 10 67 18
65 45 65 55
113 24 113 32
127 2 128 5
31 25 31 33
133 10 133 18
125 31 125 41
22 56 24 57
2 43 4 46
82 46 82 55
50 54 53 55
18 28 18 34
83 20 83 31
167 19 168 23
87 6 88 11
128 37 128 46
7 0 7 7
168 4 168 13
90 21 90 32
112 3 112 13
91 6 91 17
47 45 49 47
38 8 41 9
3 2 3 9
64 10 66 13
153 15 155 17
46 28 47 30
11 49 12 52
154 25 154 36
66 25 67 29
162 18 163 22
110 24 110 35
114 53 119 54
10 13 10 23
19 49 21 52
175 43 175 50
5 1 5 11
4 5 4 16
83 3 93 3
177 48 178 53
109 15 109 26
146 48 146 53
60 22 60 33
176 18 178 21
31 11 31 19
53 21 58 22
37 16 37 27
151 23 154 25
39 34 41 36
109 43 109 49
43 2 43 10
149 45 149 55
109 40 109 51
77 33 78 38
143 0 149 0
51 23 51 33
124 42 124 53
138 56 140 59
118 49 118 56
18 7 18 17
126 22 126 32
153 12 153 20
41 14 41 17
9 46 9 57
9 40 9 49
137 51 137 58
90 14 90 25
103 55 106 57
119 55 120 59
1 25 1 34
45 20 46 25
143 37 143 48
138 4 138 12
27 14 29 15
169 24 170 29
69 23 69 32
10 53 11 56
142 49 142 59
111 34 111 44
8 17 8 27
45 44 47 47
112 28 112 39
6 39 6 48
46 13 48 16
15 3 16 6
16 1 16 6
33 44 33 55
150 2 151 7
92 33 92 42
119 24 121 27
15 29 15 40
27 33 27 43
48 38 48 44
74 6 75 11
50 3 54 4
170 35 170 46
125 3 126 8
6 10 8 13
85 29 85 34
86 2 87 6
157 41 157 52
58 3 58 14
138 2 138 12
141 16 141 27
170 34 170 45
148 26 148 35
52 9 52 19
30 41 30 49
1 23 2 28
160 23 160 33
129 32 129 39
148 1 151 3
39 3 41 5
93 5 94 10
26 15 26 23
70 18 73 20
106 15 107 19
45 5 45 14
85 14 85 22
56 2 56 10
22 0 22 10
78 25 78 30
85 36 86 41
137 48 137 59
155 18 155 29
1 38 4 40
114 24 114 34
5 31 5 41
54 26 54 32
82 29 82 38
16 0 16 10
81 21 81 29
61 38 61 47
112 24 112 35
167 48 169 51
75 28 75 39
77 39 77 43
29 34 30 38
153 1 155 4
41 26 41 37
142 37 142 46
20 40 20 46
108 8 108 18
151 38 151 49
99 33 99 41
56 26 57 30
123 12 123 22
67 47 67 52
143 1 143 12
109 53 110 57
177 17 177 24
21 0 21 2
67 43 69 45
155 8 157 11
73 1 74 4
45 4 45 10
101 25 101 34
56 34 56 40
146 20 146 29
134 16 134 22
78 6 79 10
136 41 136 51
134 15 134 24
172 4 172 15
131 1 131 4
48 48 49 53
33 18 33 29
135 19 137 20
94 32 97 34
105 59 114 59
42 36 42 44
119 35 120 40
149 14 149 21
167 0 167 11
173 0 173 4
142 32 142 42
163 7 163 16
121 1 122 6
49 43 51 46
104 0 104 10
166 21 166 28
163 26 163 34
119 6 120 8
10 48 10 56
166 18 166 27
129 22 129 30
142 18 142 27
17 6 17 16
93 2 98 3
135 23 135 33
96 56 98 59
167 38 167 49
145 41 145 50
54 16 54 24
2 3 2 11
153 40 153 50
88 0 90 2
152 35 152 44
47 35 47 44
9 1 9 12
22 39 22 50
74 5 74 12
167 18 167 28
110 23 110 34
74 0 74 11
128 10 129 15
60 19 60 30
152 19 152 29
89 13 89 21
66 58 71 59
55 18 55 27
55 48 55 59
77 44 77 55
98 28 98 39
141 51 141 57
8 6 8 15
139 14 141 17
132 0 133 3
131 15 131 26
166 42 166 53
131 41 131 52
66 42 67 44
124 7 124 18
29 0 29 10
104 38 104 47
120 46 120 57
77 10 77 19
42 11 42 20
113 22 113 31
46 12 46 16
42 22 44 25
126 50 126 59
93 19 94 23
11 13 11 24
31 40 31 46
39 41 39 50
31 47 32 52
10 31 10 41
163 0 164 5
0 35 0 46
114 52 116 54
173 7 174 11
50 0 50 11
49 15 49 22
71 42 71 48
66 22 66 33
63 29 63 36
79 11 80 16
117 16 117 24
140 10 141 13
94 41 94 49
85 12 85 21
40 41 40 48
20 35 20 42
76 0 78 2
12 46 12 53
19 55 21 58
117 40 118 43
46 10 46 18
46 9 46 20
77 20 77 31
86 16 86 24
157 27 157 38
62 32 62 39
102 21 102 27
18 44 18 53
96 1 96 12
10 46 10 57
27 13 27 23
155 33 155 41
141 49 141 58
160 59 166 59
70 32 70 39
40 18 40 27
131 55 134 57
147 43 149 45
70 30 70 39
44 19 44 26
54 11 56 13
133 54 135 55
102 48 102 58
140 24 140 29
103 53 105 56
66 41 67 44
163 53 164 56
63 27 63 37
116 8 116 18
55 1 56 6
152 18 152 29
39 31 40 36
116 42 116 53
174 19 174 29
135 21 135 32
101 40 101 50
176 35 177 40
145 13 145 21
119 46 119 55
111 31 111 41
179 51 179 59
125 30 125 40
159 39 159 47
163 25 163 34
126 48 126 56
177 6 177 17
82 27 82 33
80 28 80 38
69 52 72 54
40 16 40 27
175 3 175 14
50 22 50 29
124 38 124 49
118 11 118 19
86 52 86 57
138 1 138 12
95 6 95 15
18 20 21 22
37 31 37 42
61 15 61 24
172 38 174 41
85 25 85 36
147 16 147 26
97 36 97 45
161 36 161 47
154 49 154 59
91 18 91 25
45 31 47 33
17 5 17 14
103 26 103 36
136 17 137 22
170 23 170 31
48 35 48 46
35 1 35 10
165 5 165 13
142 48 142 59
86 50 86 57
55 15 55 26
101 0 101 9
119 5 119 15
96 27 97 30
175 41 175 48
171 0 171 9
65 1 65 6
176 34 176 44
32 9 33 14
53 50 54 54
115 50 115 58
88 51 89 55
39 30 39 40
82 17 82 24
20 0 20 10
9 39 9 49
142 0 142 7
62 10 62 16
89 42 89 53
177 45 177 56
141 34 141 41
47 0 48 3
158 41 158 50
134 37 136 40
147 14 147 22
34 10 34 21
82 16 83 21
77 32 77 42
49 24 49 35
4 56 5 58
48 34 48 44
56 25 56 36
156 4 157 9
91 47 92 52
119 17 119 28
125 25 125 36
10 6 11 11
130 20 130 30
70 17 71 22
159 36 159 44
167 17 167 25
159 16 159 23
123 42 123 49
123 10 123 21
36 20 36 28
137 46 137 54
133 25 133 35
116 39 116 49
150 23 150 34
16 16 16 26
166 0 166 4
70 16 70 27
15 28 17 29
0 10 0 18
139 12 139 20
157 0 157 11
92 30 92 40
30 0 30 8
81 19 81 30
144 32 144 43
16 27 16 35
56 24 56 35
61 32 61 37
39 2 40 5
151 0 152 2
8 38 8 49
100 48 100 57
32 17 33 22
129 52 130 57
65 28 65 38
87 0 87 9
101 15 101 25
91 2 91 12
118 46 118 56
168 0 168 11
87 32 88 37
123 39 123 48
138 52 139 57
97 1 97 11
31 35 31 46
107 1 107 8
156 27 156 37
34 9 34 18
171 48 172 53
140 23 140 33
137 32 137 40
114 38 116 40
72 0 73 5
143 29 144 33
16 39 16 48
23 16 23 27
58 2 58 13
175 22 176 24
18 27 18 36
93 55 94 59
78 11 78 16
109 39 109 47
35 41 35 52
54 38 55 42
78 5 78 16
15 26 15 36
30 19 30 27
8 16 8 25
165 33 165 43
52 48 53 53
53 43 53 54
124 2 124 11
36 19 36 26
97 50 97 59
81 42 82 47
102 0 103 5
162 17 162 28
147 9 147 18
118 37 118 47
159 49 161 52
58 38 58 49
75 0 75 5
20 12 20 23
89 37 91 40
70 1 70 12
158 39 158 46
39 10 40 14
145 10 145 21
93 11 93 22
23 4 23 12
90 58 91 59
127 28 127 37
58 1 58 11
6 49 7 54
0 8 0 16
87 13 88 18
115 1 115 12
79 24 79 34
160 11 160 21
95 18 96 23
125 2 125 10
96 0 96 9
76 44 76 54
1 4 1 10
128 36 128 42
138 21 139 24
150 19 150 30
46 8 46 18
134 36 134 44
47 23 47 31
15 23 15 34
42 9 42 20
21 54 21 56
143 55 145 58
19 48 19 59
166 32 166 43
121 0 124 2
19 37 19 47
10 5 11 10
40 37 40 48
101 14 101 22
165 53 165 59
134 45 134 56
68 42 70 45
148 41 148 50
152 15 152 25
164 51 165 56
17 4 18 9
87 21 87 32
31 24 31 30
30 40 30 51
147 27 147 37
76 5 76 16
33 15 33 24
59 25 59 35
138 39 138 45
65 9 66 14
12 45 12 53
154 37 154 47
107 28 107 38
42 27 42 38
71 40 71 50
51 8 53 11
129 3 129 14
36 46 36 57
169 47 169 52
42 1 43 6
20 33 20 42
86 46 86 57
98 12 99 17
55 8 55 17
153 39 153 46
118 9 118 16
16 15 16 23
111 17 111 28
35 18 35 29
145 1 147 4
93 41 93 47
52 7 53 11
98 26 98 37
45 18 45 29
32 33 32 44
110 49 110 58
27 12 28 17
96 40 96 51
92 45 92 53
136 16 136 25
130 15 130 26
115 48 115 59
85 43 86 47
154 22 154 33
160 4 160 11
71 1 71 12
66 17 66 28
127 1 128 6
45 3 45 14
149 40 149 50
45 39 45 50
120 34 120 44
96 24 96 34
173 6 174 11
82 26 82 37
88 30 88 41
10 30 10 36
78 24 78 35
168 25 168 33
95 24 95 32
178 1 178 8
152 34 152 43
172 34 172 45
172 25 173 30
57 25 57 34
105 46 105 54
37 15 37 25
13 31 13 39
92 43 92 54
3 15 3 25
57 37 57 45
113 50 113 59
7 34 8 39
155 30 155 37
171 23 171 32
25 47 25 58
165 20 165 31
82 39 82 49
152 33 152 43
144 15 144 23
129 31 129 42
59 8 59 18
19 36 19 47
33 43 33 51
70 14 71 18
13 30 13 40
150 52 151 56
86 14 86 23
89 36 89 47
13 28 13 39
154 0 154 10
123 27 123 38
23 3 23 13
44 31 44 42
39 1 39 7
170 21 170 32
92 29 92 37
9 0 10 3
87 20 88 25
97 35 97 40
103 25 103 35
139 7 139 17
48 33 48 41
93 40 93 49
44 30 44 41
66 36 66 42
79 42 80 46
92 0 92 11
19 0 19 9
126 21 126 30
34 33 34 42
3 1 4 6
18 26 18 35
163 23 163 29
79 4 79 15
155 44 155 52
173 5 173 14
60 17 60 27
118 7 118 18
89 7 89 18
94 40 94 45
79 53 80 58
14 25 14 36
45 1 45 12
168 38 169 43
134 14 134 23
85 0 85 9
63 3 64 8
73 42 74 47
124 31 124 39
24 16 25 21
179 50 179 58
125 1 125 10
84 39 84 49
107 0 107 8
34 7 34 17
97 0 97 10
141 32 141 41
11 12 11 21
21 43 21 54
31 53 31 59
8 0 8 11
25 0 25 9
162 46 163 50
158 38 158 43
61 3 61 14
93 0 94 4
47 12 47 22
115 18 115 27
72 30 72 41
36 44 36 55
179 48 179 59
27 32 27 43
143 54 145 57
126 45 126 55
90 57 92 59
158 36 158 45
62 25 62 36
41 13 41 18
158 35 158 44
55 34 55 44
152 11 153 16
62 9 63 13
101 12 101 20
158 54 161 56
104 35 104 44
1 3 1 12
78 39 78 50
49 14 49 24
2 0 2 11
74 26 74 37
166 30 166 40
43 38 43 49
23 32 24 37
89 24 89 33
89 6 89 17
139 25 139 34
23 1 23 11
61 31 61 42
167 16 167 26
64 1 64 7
12 59 18 59
53 15 54 20
121 45 121 56
89 23 89 34
79 50 80 54
29 48 29 58
177 44 177 55
39 28 39 37
28 4 28 15
168 17 168 26
10 4 11 9
169 44 169 52
153 34 153 45
108 2 108 13
7 9 7 19
3 0 3 8
128 48 128 58
119 2 119 13
79 22 80 27
123 4 123 14
23 15 23 25
46 0 46 10
70 29 70 39
87 46 87 55
56 0 56 11
35 11 35 22
160 3 160 11
16 37 16 48
142 16 142 27
58 28 58 39
89 35 89 46
31 10 31 18
153 10 153 20
130 14 131 18
178 16 178 27
56 42 56 52
48 30 48 41
76 37 76 48
40 1 40 12
65 44 65 55
154 48 154 57
170 18 170 29
171 21 171 32
8 29 8 39
42 26 42 36
5 0 5 11
168 16 168 26
117 15 117 23
173 43 173 53
145 53 145 59
48 11 48 21
18 25 18 36
47 8 47 19
175 18 175 28
113 49 114 53
59 7 60 12
118 32 118 42
159 1 159 11
71 51 71 59
125 0 125 11
49 12 49 23
112 23 112 33
176 14 176 24
48 29 48 40
125 43 125 53
174 0 174 9
31 9 31 19
82 12 82 23
99 32 99 43
165 3 165 12
110 19 110 29
166 17 166 28
5 49 5 58
41 10 41 19
55 7 55 16
39 18 39 29
85 11 85 22
66 35 66 43
71 33 71 44
56 41 56 46
62 6 62 17
138 37 138 48
165 2 165 13
27 0 27 10
152 9 152 20
11 46 11 57
85 42 86 47
175 40 175 45
124 30 124 38
68 10 68 20
178 0 178 9
1 20 1 31
1 1 1 11
105 17 105 28
113 19 113 29
149 39 149 50
167 36 167 47
108 0 109 5
4 49 4 59
146 55 148 58
166 29 166 40
178 32 178 42
75 21 76 25
13 52 14 57
67 40 67 51
118 6 118 16
37 9 37 19
0 34 0 44
33 32 34 37
104 34 104 45
165 0 165 11
85 24 85 33
75 20 76 25
158 30 158 41
79 3 79 13
128 34 128 45
40 52 41 57
10 58 12 59
130 50 130 59
6 38 6 46
103 6 103 12
138 35 138 46
37 30 37 37
78 22 78 30
45 38 45 48
54 25 54 35
138 51 140 54
29 33 30 38
93 54 94 59
100 47 100 57
130 46 130 57
115 43 115 54
26 33 26 41
122 9 122 17
48 8 48 19
25 42 25 53
58 24 59 29
37 8 37 19
114 23 114 34
130 41 130 50
151 35 151 46
63 25 63 36
125 42 125 47
111 57 112 59
31 8 31 19
78 4 78 14
30 18 30 27
146 5 146 13
73 6 73 16
118 30 118 41
106 14 106 24
26 14 26 24
110 18 110 29
136 15 137 20
9 38 9 49
31 6 31 15
6 37 6 47
43 13 43 24
30 39 30 50
100 20 100 28
89 22 89 32
97 18 97 27
107 57 108 59
60 34 60 45
34 0 35 3
64 15 64 26
177 5 177 15
80 18 81 23
18 24 18 35
155 14 155 23
13 27 13 38
123 3 123 14
155 7 155 17
105 0 105 11
177 43 177 54
137 29 137 40
34 27 34 37
156 23 156 34
18 43 18 54
37 29 37 40
89 5 89 16
30 17 30 28
56 23 56 32
144 14 144 22
88 27 88 37
72 28 72 39
80 41 81 46
39 17 39 27
56 19 56 30
179 47 179 58
20 32 20 41
107 56 108 59
83 39 83 49
108 40 108 51
170 17 170 28
171 47 172 52
106 0 106 7
151 33 151 44
133 24 133 35
17 55 18 59
17 25 17 35
39 16 39 26
13 23 14 28
57 24 57 33
119 45 119 55
112 43 112 48
104 33 104 44
144 13 144 23
173 42 173 52
122 22 122 32
58 0 59 5
111 30 111 41
4 36 4 47
175 2 175 13
12 6 12 17
159 35 159 45
23 0 23 11
113 45 113 56
125 24 125 35
93 53 95 56
25 33 25 44
20 11 20 19
161 35 161 46
87 19 87 29
83 38 83 47
140 19 140 30
119 16 119 27
62 49 62 59
11 3 12 8
131 34 131 45
47 34 47 41
20 31 20 42
110 17 110 28
166 16 166 27
85 10 85 21
120 5 120 16
26 12 26 23
163 17 163 28
87 43 87 54
14 38 14 49
144 12 144 22
61 2 61 13
151 10 151 21
116 37 116 48
134 13 134 23
71 13 71 24
1 18 1 29
133 9 133 18
173 19 173 30
78 3 78 14
144 27 144 38
134 11 134 22
37 7 37 18
141 5 141 16
162 36 163 41
175 17 175 28
20 30 20 41
75 57 78 59
170 8 170 19
18 23 18 34
120 23 121 28
159 0 159 11
144 10 144 21
138 34 138 44
150 51 150 57
57 20 57 31
88 26 88 37
33 42 33 53
32 7 32 17
95 5 95 16
127 27 127 37
145 9 145 20
141 0 141 11
34 26 34 37
176 0 176 11
122 8 122 19
155 6 155 17
154 14 154 25
100 46 100 57
109 38 109 49
118 5 118 16
57 36 57 45
64 14 64 25
6 35 6 46
116 7 116 15
51 22 51 33
97 49 97 59
120 33 120 44
160 22 161 27
120 32 120 43
10 12 10 23
11 44 12 49
156 22 156 33
33 40 33 51
12 37 12 48
79 49 80 54
113 18 113 29
25 32 25 43
30 14 30 25
14 21 14 32
109 37 109 48
158 29 158 40
109 36 109 47
149 13 149 22
89 4 89 15
68 40 69 45
112 2 112 13
1 17 1 28
0 33 0 44
83 37 83 48
62 45 62 56
135 36 136 41
45 37 45 48
65 43 65 50
8 28 8 37
29 13 29 24
177 4 177 15
4 23 6 26
32 32 32 41
3 12 3 23
39 15 39 25
90 36 91 41
165 19 165 30
136 14 136 25
75 56 76 59
148 40 148 50
157 23 157 34
116 36 116 47
10 45 10 56
164 45 164 56
55 0 55 11
178 15 178 26
27 26 27 37
79 0 79 11
120 4 120 15
153 8 153 19
77 8 77 19
106 12 106 23
26 30 26 41
90 9 90 20
127 26 127 37
74 25 74 35
94 31 94 42
149 32 149 43
148 4 148 15
159 33 159 44
99 26 99 37
56 18 56 29
67 39 67 49
84 26 84 37
102 47 102 58
108 39 108 50
1 0 1 10
63 24 63 35
6 34 6 45
45 55 46 59
40 15 40 26
130 39 130 50
32 53 32 59
170 7 170 18
0 56 1 59
52 33 52 44
148 39 148 50
95 4 95 15
161 48 161 59
16 36 16 47
79 48 80 53
161 33 161 44
31 34 31 44
5 48 5 58
93 52 94 57
65 27 65 38
151 9 151 20
139 6 139 17
58 23 58 34
137 0 137 11
5 47 5 58
67 38 67 49
123 26 123 37
93 33 93 44
81 17 81 28
62 5 62 16
110 36 110 47
172 33 172 44
140 18 140 29
156 21 156 32
109 14 109 25
102 46 102 57
29 47 29 58
86 13 86 24
73 24 73 35
165 32 165 43
100 45 100 56
45 54 46 59
54 10 54 21
142 15 142 26
5 30 5 41
83 36 83 47
147 48 147 59
18 42 18 53
81 13 81 24
178 14 178 25
178 31 178 42
86 12 86 23
20 29 20 40
120 31 120 42
122 21 122 32
60 16 60 27
23 14 23 25
